[2026-02-02T23:47:31.475+0000] {taskinstance.py:1157} INFO - Dependencies all met for dep_context=non-requeueable deps ti=<TaskInstance: collective_memory_pipeline.train_and_register_mlflow manual__2026-02-02T23:42:19.812946+00:00 [queued]>
[2026-02-02T23:47:31.483+0000] {taskinstance.py:1157} INFO - Dependencies all met for dep_context=requeueable deps ti=<TaskInstance: collective_memory_pipeline.train_and_register_mlflow manual__2026-02-02T23:42:19.812946+00:00 [queued]>
[2026-02-02T23:47:31.483+0000] {taskinstance.py:1359} INFO - Starting attempt 2 of 2
[2026-02-02T23:47:31.490+0000] {taskinstance.py:1380} INFO - Executing <Task(PythonOperator): train_and_register_mlflow> on 2026-02-02 23:42:19.812946+00:00
[2026-02-02T23:47:31.498+0000] {standard_task_runner.py:57} INFO - Started process 486 to run task
[2026-02-02T23:47:31.504+0000] {standard_task_runner.py:84} INFO - Running: ['***', 'tasks', 'run', 'collective_memory_pipeline', 'train_and_register_mlflow', 'manual__2026-02-02T23:42:19.812946+00:00', '--job-id', '4', '--raw', '--subdir', 'DAGS_FOLDER/ml_pipeline_dag.py', '--cfg-path', '/tmp/tmph4q0xia4']
[2026-02-02T23:47:31.509+0000] {standard_task_runner.py:85} INFO - Job 4: Subtask train_and_register_mlflow
[2026-02-02T23:47:31.573+0000] {task_command.py:415} INFO - Running <TaskInstance: collective_memory_pipeline.train_and_register_mlflow manual__2026-02-02T23:42:19.812946+00:00 [running]> on host 08217b9f8ff4
[2026-02-02T23:47:31.644+0000] {taskinstance.py:1660} INFO - Exporting env vars: AIRFLOW_CTX_DAG_OWNER='zachary' AIRFLOW_CTX_DAG_ID='collective_memory_pipeline' AIRFLOW_CTX_TASK_ID='train_and_register_mlflow' AIRFLOW_CTX_EXECUTION_DATE='2026-02-02T23:42:19.812946+00:00' AIRFLOW_CTX_TRY_NUMBER='2' AIRFLOW_CTX_DAG_RUN_ID='manual__2026-02-02T23:42:19.812946+00:00'
[2026-02-02T23:47:31.724+0000] {logging_mixin.py:151} INFO - Connecting to GCS bucket: housing-data-for-testing...
[2026-02-02T23:47:32.066+0000] {logging_mixin.py:151} INFO - Downloading data/test_data.csv...
[2026-02-02T23:47:32.519+0000] {logging_mixin.py:151} WARNING - 2026/02/02 23:47:32 WARNING mlflow.utils.git_utils: Failed to import Git (the Git executable is probably not on your PATH), so Git SHA is not available. Error: Failed to initialize: Bad git executable.
The git executable must be specified in one of the following ways:
    - be included in your $PATH
    - be set via $GIT_PYTHON_GIT_EXECUTABLE
    - explicitly set via git.refresh(<full-path-to-git-executable>)

All git commands will error until this is rectified.

This initial message can be silenced or aggravated in the future by setting the
$GIT_PYTHON_REFRESH environment variable. Use one of the following values:
    - quiet|q|silence|s|silent|none|n|0: for no message or exception
    - warn|w|warning|log|l|1: for a warning message (logging level CRITICAL, displayed by default)
    - error|e|exception|raise|r|2: for a raised exception

Example:
    export GIT_PYTHON_REFRESH=quiet
[2026-02-02T23:47:35.071+0000] {logging_mixin.py:151} WARNING - 2026/02/02 23:47:35 WARNING mlflow.models.model: Model logged without a signature and input example. Please set `input_example` parameter when logging the model to auto infer the model signature.
[2026-02-02T23:47:35.170+0000] {logging_mixin.py:151} WARNING - 2026/02/02 23:47:35 INFO mlflow.tracking._tracking_service.client: 🏃 View run GKE_Background_Train at: http://mlflow:5000/#/experiments/1/runs/d1f17850363a4da2b5dbfc8a17c0fd92.
[2026-02-02T23:47:35.171+0000] {logging_mixin.py:151} WARNING - 2026/02/02 23:47:35 INFO mlflow.tracking._tracking_service.client: 🧪 View experiment at: http://mlflow:5000/#/experiments/1.
[2026-02-02T23:47:35.205+0000] {taskinstance.py:1935} ERROR - Task failed with exception
Traceback (most recent call last):
  File "/home/airflow/.local/lib/python3.8/site-packages/airflow/operators/python.py", line 192, in execute
    return_value = self.execute_callable()
  File "/home/airflow/.local/lib/python3.8/site-packages/airflow/operators/python.py", line 209, in execute_callable
    return self.python_callable(*self.op_args, **self.op_kwargs)
  File "/opt/airflow/dags/train.py", line 75, in train_model
    mlflow.sklearn.log_model(
  File "/home/airflow/.local/lib/python3.8/site-packages/mlflow/sklearn/__init__.py", line 413, in log_model
    return Model.log(
  File "/home/airflow/.local/lib/python3.8/site-packages/mlflow/models/model.py", line 744, in log
    mlflow.tracking.fluent.log_artifacts(local_path, mlflow_model.artifact_path, run_id)
  File "/home/airflow/.local/lib/python3.8/site-packages/mlflow/tracking/fluent.py", line 1170, in log_artifacts
    MlflowClient().log_artifacts(run_id, local_dir, artifact_path)
  File "/home/airflow/.local/lib/python3.8/site-packages/mlflow/tracking/client.py", line 1977, in log_artifacts
    self._tracking_client.log_artifacts(run_id, local_dir, artifact_path)
  File "/home/airflow/.local/lib/python3.8/site-packages/mlflow/tracking/_tracking_service/client.py", line 874, in log_artifacts
    self._get_artifact_repo(run_id).log_artifacts(local_dir, artifact_path)
  File "/home/airflow/.local/lib/python3.8/site-packages/mlflow/store/artifact/local_artifact_repo.py", line 66, in log_artifacts
    mkdir(artifact_dir)
  File "/home/airflow/.local/lib/python3.8/site-packages/mlflow/utils/file_utils.py", line 211, in mkdir
    raise e
  File "/home/airflow/.local/lib/python3.8/site-packages/mlflow/utils/file_utils.py", line 208, in mkdir
    os.makedirs(target, exist_ok=True)
  File "/usr/local/lib/python3.8/os.py", line 213, in makedirs
    makedirs(head, exist_ok=exist_ok)
  File "/usr/local/lib/python3.8/os.py", line 213, in makedirs
    makedirs(head, exist_ok=exist_ok)
  File "/usr/local/lib/python3.8/os.py", line 213, in makedirs
    makedirs(head, exist_ok=exist_ok)
  [Previous line repeated 2 more times]
  File "/usr/local/lib/python3.8/os.py", line 223, in makedirs
    mkdir(name, mode)
PermissionError: [Errno 13] Permission denied: '/mlflow'
[2026-02-02T23:47:35.250+0000] {taskinstance.py:1398} INFO - Marking task as FAILED. dag_id=collective_memory_pipeline, task_id=train_and_register_mlflow, execution_date=20260202T234219, start_date=20260202T234731, end_date=20260202T234735
[2026-02-02T23:47:35.297+0000] {standard_task_runner.py:104} ERROR - Failed to execute job 4 for task train_and_register_mlflow ([Errno 13] Permission denied: '/mlflow'; 486)
[2026-02-02T23:47:35.335+0000] {local_task_job_runner.py:228} INFO - Task exited with return code 1
[2026-02-02T23:47:35.376+0000] {taskinstance.py:2776} INFO - 0 downstream tasks scheduled from follow-on schedule check
